This file contains any messages produced by compilers while
running configure, to aid debugging if configure makes a mistake.

It was created by libbson configure 1.6.3-dev, which was
generated by GNU Autoconf 2.69.  Invocation command line was

  $ ./configure 

## --------- ##
## Platform. ##
## --------- ##

hostname = jiang-PC
uname -m = x86_64
uname -r = 4.4.0-75-generic
uname -s = Linux
uname -v = #96-Ubuntu SMP Thu Apr 20 09:56:33 UTC 2017

/usr/bin/uname -p = unknown
/bin/uname -X     = unknown

/bin/arch              = unknown
/usr/bin/arch -k       = unknown
/usr/convex/getsysinfo = unknown
/usr/bin/hostinfo      = unknown
/bin/machine           = unknown
/usr/bin/oslevel       = unknown
/bin/universe          = unknown

PATH: /usr/lib/jvm/java-8-openjdk-amd64/bin
PATH: /usr/lib/jvm/java-8-openjdk-amd64/jre/bin
PATH: /usr/local/sbin
PATH: /usr/local/bin
PATH: /usr/sbin
PATH: /usr/bin
PATH: /sbin
PATH: /bin
PATH: /usr/games
PATH: /usr/local/games
PATH: /snap/bin


## ----------- ##
## Core tests. ##
## ----------- ##

configure:2456: Current version (from VERSION_CURRENT file): 1.6.3-dev
configure:2464: Most recent release (from VERSION_RELEASED file): 1.6.2
configure:2567: checking for gcc
configure:2583: found /usr/bin/gcc
configure:2594: result: gcc
configure:2823: checking for C compiler version
configure:2832: gcc --version >&5
gcc (Ubuntu 5.4.0-6ubuntu1~16.04.4) 5.4.0 20160609
Copyright (C) 2015 Free Software Foundation, Inc.
This is free software; see the source for copying conditions.  There is NO
warranty; not even for MERCHANTABILITY or FITNESS FOR A PARTICULAR PURPOSE.

configure:2843: $? = 0
configure:2832: gcc -v >&5
Using built-in specs.
COLLECT_GCC=gcc
COLLECT_LTO_WRAPPER=/usr/lib/gcc/x86_64-linux-gnu/5/lto-wrapper
Target: x86_64-linux-gnu
Configured with: ../src/configure -v --with-pkgversion='Ubuntu 5.4.0-6ubuntu1~16.04.4' --with-bugurl=file:///usr/share/doc/gcc-5/README.Bugs --enable-languages=c,ada,c++,java,go,d,fortran,objc,obj-c++ --prefix=/usr --program-suffix=-5 --enable-shared --enable-linker-build-id --libexecdir=/usr/lib --without-included-gettext --enable-threads=posix --libdir=/usr/lib --enable-nls --with-sysroot=/ --enable-clocale=gnu --enable-libstdcxx-debug --enable-libstdcxx-time=yes --with-default-libstdcxx-abi=new --enable-gnu-unique-object --disable-vtable-verify --enable-libmpx --enable-plugin --with-system-zlib --disable-browser-plugin --enable-java-awt=gtk --enable-gtk-cairo --with-java-home=/usr/lib/jvm/java-1.5.0-gcj-5-amd64/jre --enable-java-home --with-jvm-root-dir=/usr/lib/jvm/java-1.5.0-gcj-5-amd64 --with-jvm-jar-dir=/usr/lib/jvm-exports/java-1.5.0-gcj-5-amd64 --with-arch-directory=amd64 --with-ecj-jar=/usr/share/java/eclipse-ecj.jar --enable-objc-gc --enable-multiarch --disable-werror --with-arch-32=i686 --with-abi=m64 --with-multilib-list=m32,m64,mx32 --enable-multilib --with-tune=generic --enable-checking=release --build=x86_64-linux-gnu --host=x86_64-linux-gnu --target=x86_64-linux-gnu
Thread model: posix
gcc version 5.4.0 20160609 (Ubuntu 5.4.0-6ubuntu1~16.04.4) 
configure:2843: $? = 0
configure:2832: gcc -V >&5
gcc: error: unrecognized command line option '-V'
gcc: fatal error: no input files
compilation terminated.
configure:2843: $? = 1
configure:2832: gcc -qversion >&5
gcc: error: unrecognized command line option '-qversion'
gcc: fatal error: no input files
compilation terminated.
configure:2843: $? = 1
configure:2863: checking whether the C compiler works
configure:2885: gcc    conftest.c  >&5
configure:2889: $? = 0
configure:2937: result: yes
configure:2940: checking for C compiler default output file name
configure:2942: result: a.out
configure:2948: checking for suffix of executables
configure:2955: gcc -o conftest    conftest.c  >&5
configure:2959: $? = 0
configure:2981: result: 
configure:3003: checking whether we are cross compiling
configure:3011: gcc -o conftest    conftest.c  >&5
configure:3015: $? = 0
configure:3022: ./conftest
configure:3026: $? = 0
configure:3041: result: no
configure:3046: checking for suffix of object files
configure:3068: gcc -c   conftest.c >&5
configure:3072: $? = 0
configure:3093: result: o
configure:3097: checking whether we are using the GNU C compiler
configure:3116: gcc -c   conftest.c >&5
configure:3116: $? = 0
configure:3125: result: yes
configure:3134: checking whether gcc accepts -g
configure:3154: gcc -c -g  conftest.c >&5
configure:3154: $? = 0
configure:3195: result: yes
configure:3212: checking for gcc option to accept ISO C89
configure:3275: gcc  -c   conftest.c >&5
configure:3275: $? = 0
configure:3288: result: none needed
configure:3316: checking whether gcc understands -c and -o together
configure:3338: gcc -c conftest.c -o conftest2.o
configure:3341: $? = 0
configure:3338: gcc -c conftest.c -o conftest2.o
configure:3341: $? = 0
configure:3353: result: yes
configure:3428: checking for g++
configure:3444: found /usr/bin/g++
configure:3455: result: g++
configure:3482: checking for C++ compiler version
configure:3491: g++ --version >&5
g++ (Ubuntu 5.4.0-6ubuntu1~16.04.4) 5.4.0 20160609
Copyright (C) 2015 Free Software Foundation, Inc.
This is free software; see the source for copying conditions.  There is NO
warranty; not even for MERCHANTABILITY or FITNESS FOR A PARTICULAR PURPOSE.

configure:3502: $? = 0
configure:3491: g++ -v >&5
Using built-in specs.
COLLECT_GCC=g++
COLLECT_LTO_WRAPPER=/usr/lib/gcc/x86_64-linux-gnu/5/lto-wrapper
Target: x86_64-linux-gnu
Configured with: ../src/configure -v --with-pkgversion='Ubuntu 5.4.0-6ubuntu1~16.04.4' --with-bugurl=file:///usr/share/doc/gcc-5/README.Bugs --enable-languages=c,ada,c++,java,go,d,fortran,objc,obj-c++ --prefix=/usr --program-suffix=-5 --enable-shared --enable-linker-build-id --libexecdir=/usr/lib --without-included-gettext --enable-threads=posix --libdir=/usr/lib --enable-nls --with-sysroot=/ --enable-clocale=gnu --enable-libstdcxx-debug --enable-libstdcxx-time=yes --with-default-libstdcxx-abi=new --enable-gnu-unique-object --disable-vtable-verify --enable-libmpx --enable-plugin --with-system-zlib --disable-browser-plugin --enable-java-awt=gtk --enable-gtk-cairo --with-java-home=/usr/lib/jvm/java-1.5.0-gcj-5-amd64/jre --enable-java-home --with-jvm-root-dir=/usr/lib/jvm/java-1.5.0-gcj-5-amd64 --with-jvm-jar-dir=/usr/lib/jvm-exports/java-1.5.0-gcj-5-amd64 --with-arch-directory=amd64 --with-ecj-jar=/usr/share/java/eclipse-ecj.jar --enable-objc-gc --enable-multiarch --disable-werror --with-arch-32=i686 --with-abi=m64 --with-multilib-list=m32,m64,mx32 --enable-multilib --with-tune=generic --enable-checking=release --build=x86_64-linux-gnu --host=x86_64-linux-gnu --target=x86_64-linux-gnu
Thread model: posix
gcc version 5.4.0 20160609 (Ubuntu 5.4.0-6ubuntu1~16.04.4) 
configure:3502: $? = 0
configure:3491: g++ -V >&5
g++: error: unrecognized command line option '-V'
g++: fatal error: no input files
compilation terminated.
configure:3502: $? = 1
configure:3491: g++ -qversion >&5
g++: error: unrecognized command line option '-qversion'
g++: fatal error: no input files
compilation terminated.
configure:3502: $? = 1
configure:3506: checking whether we are using the GNU C++ compiler
configure:3525: g++ -c   conftest.cpp >&5
configure:3525: $? = 0
configure:3534: result: yes
configure:3543: checking whether g++ accepts -g
configure:3563: g++ -c -g  conftest.cpp >&5
configure:3563: $? = 0
configure:3604: result: yes
configure:3660: gcc -c   conftest.c >&5
configure:3660: $? = 0
configure:3684: gcc -c   conftest.c >&5
configure:3684: $? = 0
configure:3703: gcc -c   conftest.c >&5
conftest.c:11:2: error: #error Not a supported Sun compiler
 #error Not a supported Sun compiler
  ^
configure:3703: $? = 1
configure: failed program was:
| /* confdefs.h */
| #define PACKAGE_NAME "libbson"
| #define PACKAGE_TARNAME "libbson"
| #define PACKAGE_VERSION "1.6.3-dev"
| #define PACKAGE_STRING "libbson 1.6.3-dev"
| #define PACKAGE_BUGREPORT "https://jira.mongodb.org/browse/CDRIVER"
| #define PACKAGE_URL ""
| /* end confdefs.h.  */
| 
| #if !(defined(__SUNPRO_C))
| #error Not a supported Sun compiler
| #endif
| 
| int
| main ()
| {
| 
|   ;
|   return 0;
| }
configure:3736: gcc -c   conftest.c >&5
configure:3736: $? = 0
configure:3744: checking for an ANSI C-conforming const
configure:3810: gcc -c   conftest.c >&5
configure:3810: $? = 0
configure:3817: result: yes
configure:3825: checking for inline
configure:3841: gcc -c   conftest.c >&5
configure:3841: $? = 0
configure:3849: result: inline
configure:3868: checking for typeof syntax and keyword spelling
configure:3899: gcc -c   conftest.c >&5
configure:3899: $? = 0
configure:3906: result: typeof
configure:3927: checking how to run the C preprocessor
configure:3958: gcc -E  conftest.c
configure:3958: $? = 0
configure:3972: gcc -E  conftest.c
conftest.c:10:28: fatal error: ac_nonexistent.h: No such file or directory
compilation terminated.
configure:3972: $? = 1
configure: failed program was:
| /* confdefs.h */
| #define PACKAGE_NAME "libbson"
| #define PACKAGE_TARNAME "libbson"
| #define PACKAGE_VERSION "1.6.3-dev"
| #define PACKAGE_STRING "libbson 1.6.3-dev"
| #define PACKAGE_BUGREPORT "https://jira.mongodb.org/browse/CDRIVER"
| #define PACKAGE_URL ""
| #define HAVE_TYPEOF 1
| /* end confdefs.h.  */
| #include <ac_nonexistent.h>
configure:3997: result: gcc -E
configure:4017: gcc -E  conftest.c
configure:4017: $? = 0
configure:4031: gcc -E  conftest.c
conftest.c:10:28: fatal error: ac_nonexistent.h: No such file or directory
compilation terminated.
configure:4031: $? = 1
configure: failed program was:
| /* confdefs.h */
| #define PACKAGE_NAME "libbson"
| #define PACKAGE_TARNAME "libbson"
| #define PACKAGE_VERSION "1.6.3-dev"
| #define PACKAGE_STRING "libbson 1.6.3-dev"
| #define PACKAGE_BUGREPORT "https://jira.mongodb.org/browse/CDRIVER"
| #define PACKAGE_URL ""
| #define HAVE_TYPEOF 1
| /* end confdefs.h.  */
| #include <ac_nonexistent.h>
configure:4060: checking for grep that handles long lines and -e
configure:4118: result: /bin/grep
configure:4123: checking for egrep
configure:4185: result: /bin/grep -E
configure:4190: checking for ANSI C header files
configure:4210: gcc -c   conftest.c >&5
configure:4210: $? = 0
configure:4283: gcc -o conftest    conftest.c  >&5
configure:4283: $? = 0
configure:4283: ./conftest
configure:4283: $? = 0
configure:4294: result: yes
configure:4307: checking for sys/types.h
configure:4307: gcc -c   conftest.c >&5
configure:4307: $? = 0
configure:4307: result: yes
configure:4307: checking for sys/stat.h
configure:4307: gcc -c   conftest.c >&5
configure:4307: $? = 0
configure:4307: result: yes
configure:4307: checking for stdlib.h
configure:4307: gcc -c   conftest.c >&5
configure:4307: $? = 0
configure:4307: result: yes
configure:4307: checking for string.h
configure:4307: gcc -c   conftest.c >&5
configure:4307: $? = 0
configure:4307: result: yes
configure:4307: checking for memory.h
configure:4307: gcc -c   conftest.c >&5
configure:4307: $? = 0
configure:4307: result: yes
configure:4307: checking for strings.h
configure:4307: gcc -c   conftest.c >&5
configure:4307: $? = 0
configure:4307: result: yes
configure:4307: checking for inttypes.h
configure:4307: gcc -c   conftest.c >&5
configure:4307: $? = 0
configure:4307: result: yes
configure:4307: checking for stdint.h
configure:4307: gcc -c   conftest.c >&5
configure:4307: $? = 0
configure:4307: result: yes
configure:4307: checking for unistd.h
configure:4307: gcc -c   conftest.c >&5
configure:4307: $? = 0
configure:4307: result: yes
configure:4319: checking for stdbool.h that conforms to C99
configure:4386: gcc -c   conftest.c >&5
configure:4386: $? = 0
configure:4393: result: yes
configure:4395: checking for _Bool
configure:4395: gcc -c   conftest.c >&5
configure:4395: $? = 0
configure:4395: gcc -c   conftest.c >&5
conftest.c: In function 'main':
conftest.c:56:20: error: expected expression before ')' token
 if (sizeof ((_Bool)))
                    ^
configure:4395: $? = 1
configure: failed program was:
| /* confdefs.h */
| #define PACKAGE_NAME "libbson"
| #define PACKAGE_TARNAME "libbson"
| #define PACKAGE_VERSION "1.6.3-dev"
| #define PACKAGE_STRING "libbson 1.6.3-dev"
| #define PACKAGE_BUGREPORT "https://jira.mongodb.org/browse/CDRIVER"
| #define PACKAGE_URL ""
| #define HAVE_TYPEOF 1
| #define STDC_HEADERS 1
| #define HAVE_SYS_TYPES_H 1
| #define HAVE_SYS_STAT_H 1
| #define HAVE_STDLIB_H 1
| #define HAVE_STRING_H 1
| #define HAVE_MEMORY_H 1
| #define HAVE_STRINGS_H 1
| #define HAVE_INTTYPES_H 1
| #define HAVE_STDINT_H 1
| #define HAVE_UNISTD_H 1
| /* end confdefs.h.  */
| #include <stdio.h>
| #ifdef HAVE_SYS_TYPES_H
| # include <sys/types.h>
| #endif
| #ifdef HAVE_SYS_STAT_H
| # include <sys/stat.h>
| #endif
| #ifdef STDC_HEADERS
| # include <stdlib.h>
| # include <stddef.h>
| #else
| # ifdef HAVE_STDLIB_H
| #  include <stdlib.h>
| # endif
| #endif
| #ifdef HAVE_STRING_H
| # if !defined STDC_HEADERS && defined HAVE_MEMORY_H
| #  include <memory.h>
| # endif
| # include <string.h>
| #endif
| #ifdef HAVE_STRINGS_H
| # include <strings.h>
| #endif
| #ifdef HAVE_INTTYPES_H
| # include <inttypes.h>
| #endif
| #ifdef HAVE_STDINT_H
| # include <stdint.h>
| #endif
| #ifdef HAVE_UNISTD_H
| # include <unistd.h>
| #endif
| int
| main ()
| {
| if (sizeof ((_Bool)))
| 	    return 0;
|   ;
|   return 0;
| }
configure:4395: result: yes
configure:4420: checking for stdint-types....
configure:4430: result: "(putting them into src/bson/bson-stdint.h)"
configure:4444: checking for uintptr_t
configure:4444: gcc -c   conftest.c >&5
configure:4444: $? = 0
configure:4444: gcc -c   conftest.c >&5
conftest.c: In function 'main':
conftest.c:27:24: error: expected expression before ')' token
 if (sizeof ((uintptr_t)))
                        ^
configure:4444: $? = 1
configure: failed program was:
| /* confdefs.h */
| #define PACKAGE_NAME "libbson"
| #define PACKAGE_TARNAME "libbson"
| #define PACKAGE_VERSION "1.6.3-dev"
| #define PACKAGE_STRING "libbson 1.6.3-dev"
| #define PACKAGE_BUGREPORT "https://jira.mongodb.org/browse/CDRIVER"
| #define PACKAGE_URL ""
| #define HAVE_TYPEOF 1
| #define STDC_HEADERS 1
| #define HAVE_SYS_TYPES_H 1
| #define HAVE_SYS_STAT_H 1
| #define HAVE_STDLIB_H 1
| #define HAVE_STRING_H 1
| #define HAVE_MEMORY_H 1
| #define HAVE_STRINGS_H 1
| #define HAVE_INTTYPES_H 1
| #define HAVE_STDINT_H 1
| #define HAVE_UNISTD_H 1
| #define HAVE__BOOL 1
| #define HAVE_STDBOOL_H 1
| /* end confdefs.h.  */
| #include <stdint.h>
| 
| int
| main ()
| {
| if (sizeof ((uintptr_t)))
| 	    return 0;
|   ;
|   return 0;
| }
configure:4444: result: yes
configure:4452: checking for uint64_t
configure:4452: gcc -c   conftest.c >&5
configure:4452: $? = 0
configure:4452: gcc -c   conftest.c >&5
conftest.c: In function 'main':
conftest.c:27:23: error: expected expression before ')' token
 if (sizeof ((uint64_t)))
                       ^
configure:4452: $? = 1
configure: failed program was:
| /* confdefs.h */
| #define PACKAGE_NAME "libbson"
| #define PACKAGE_TARNAME "libbson"
| #define PACKAGE_VERSION "1.6.3-dev"
| #define PACKAGE_STRING "libbson 1.6.3-dev"
| #define PACKAGE_BUGREPORT "https://jira.mongodb.org/browse/CDRIVER"
| #define PACKAGE_URL ""
| #define HAVE_TYPEOF 1
| #define STDC_HEADERS 1
| #define HAVE_SYS_TYPES_H 1
| #define HAVE_SYS_STAT_H 1
| #define HAVE_STDLIB_H 1
| #define HAVE_STRING_H 1
| #define HAVE_MEMORY_H 1
| #define HAVE_STRINGS_H 1
| #define HAVE_INTTYPES_H 1
| #define HAVE_STDINT_H 1
| #define HAVE_UNISTD_H 1
| #define HAVE__BOOL 1
| #define HAVE_STDBOOL_H 1
| /* end confdefs.h.  */
| #include<stdint.h>
| 
| int
| main ()
| {
| if (sizeof ((uint64_t)))
| 	    return 0;
|   ;
|   return 0;
| }
configure:4452: result: yes
configure:4460: result: ... seen our uintptr_t in stdint.h (uint64_t too)
configure:4725: result: creating src/bson/bson-stdint.h : _SRC_BSON_BSON_STDINT_H
configure:4752: checking for int_least32_t
configure:4752: gcc -c   conftest.c >&5
configure:4752: $? = 0
configure:4752: gcc -c   conftest.c >&5
conftest.c: In function 'main':
conftest.c:27:28: error: expected expression before ')' token
 if (sizeof ((int_least32_t)))
                            ^
configure:4752: $? = 1
configure: failed program was:
| /* confdefs.h */
| #define PACKAGE_NAME "libbson"
| #define PACKAGE_TARNAME "libbson"
| #define PACKAGE_VERSION "1.6.3-dev"
| #define PACKAGE_STRING "libbson 1.6.3-dev"
| #define PACKAGE_BUGREPORT "https://jira.mongodb.org/browse/CDRIVER"
| #define PACKAGE_URL ""
| #define HAVE_TYPEOF 1
| #define STDC_HEADERS 1
| #define HAVE_SYS_TYPES_H 1
| #define HAVE_SYS_STAT_H 1
| #define HAVE_STDLIB_H 1
| #define HAVE_STRING_H 1
| #define HAVE_MEMORY_H 1
| #define HAVE_STRINGS_H 1
| #define HAVE_INTTYPES_H 1
| #define HAVE_STDINT_H 1
| #define HAVE_UNISTD_H 1
| #define HAVE__BOOL 1
| #define HAVE_STDBOOL_H 1
| /* end confdefs.h.  */
| #include <stdint.h>
| 
| int
| main ()
| {
| if (sizeof ((int_least32_t)))
| 	    return 0;
|   ;
|   return 0;
| }
configure:4752: result: yes
configure:4758: checking for int_fast32_t
configure:4758: gcc -c   conftest.c >&5
configure:4758: $? = 0
configure:4758: gcc -c   conftest.c >&5
conftest.c: In function 'main':
conftest.c:27:27: error: expected expression before ')' token
 if (sizeof ((int_fast32_t)))
                           ^
configure:4758: $? = 1
configure: failed program was:
| /* confdefs.h */
| #define PACKAGE_NAME "libbson"
| #define PACKAGE_TARNAME "libbson"
| #define PACKAGE_VERSION "1.6.3-dev"
| #define PACKAGE_STRING "libbson 1.6.3-dev"
| #define PACKAGE_BUGREPORT "https://jira.mongodb.org/browse/CDRIVER"
| #define PACKAGE_URL ""
| #define HAVE_TYPEOF 1
| #define STDC_HEADERS 1
| #define HAVE_SYS_TYPES_H 1
| #define HAVE_SYS_STAT_H 1
| #define HAVE_STDLIB_H 1
| #define HAVE_STRING_H 1
| #define HAVE_MEMORY_H 1
| #define HAVE_STRINGS_H 1
| #define HAVE_INTTYPES_H 1
| #define HAVE_STDINT_H 1
| #define HAVE_UNISTD_H 1
| #define HAVE__BOOL 1
| #define HAVE_STDBOOL_H 1
| /* end confdefs.h.  */
| #include<stdint.h>
| 
| int
| main ()
| {
| if (sizeof ((int_fast32_t)))
| 	    return 0;
|   ;
|   return 0;
| }
configure:4758: result: yes
configure:4771: result: ..adding include stdint.h
configure:4781: result: ... seen good stdint.h inttypes
configure:4917: result: ... seen good uint64_t
configure:5137: result: ... DONE src/bson/bson-stdint.h
configure:5153: checking for strings.h
configure:5153: result: yes
configure:5170: checking for perl
configure:5188: found /usr/bin/perl
configure:5200: result: /usr/bin/perl
configure:5214: checking for mv
configure:5232: found /bin/mv
configure:5244: result: /bin/mv
configure:5258: checking for grep
configure:5288: result: /bin/grep
configure:5303: checking for sphinx-build
configure:5336: result: no
configure:5356: checking for a BSD-compatible install
configure:5424: result: /usr/bin/install -c
configure:5440: checking build system type
configure:5454: result: x86_64-pc-linux-gnu
configure:5474: checking host system type
configure:5487: result: x86_64-pc-linux-gnu
configure:5553: checking target system type
configure:5566: result: x86_64-pc-linux-gnu
configure:5625: checking whether byte ordering is bigendian
configure:5640: gcc -c   conftest.c >&5
conftest.c:24:9: error: unknown type name 'not'
         not a universal capable compiler
         ^
conftest.c:24:15: error: expected '=', ',', ';', 'asm' or '__attribute__' before 'universal'
         not a universal capable compiler
               ^
conftest.c:24:15: error: unknown type name 'universal'
configure:5640: $? = 1
configure: failed program was:
| /* confdefs.h */
| #define PACKAGE_NAME "libbson"
| #define PACKAGE_TARNAME "libbson"
| #define PACKAGE_VERSION "1.6.3-dev"
| #define PACKAGE_STRING "libbson 1.6.3-dev"
| #define PACKAGE_BUGREPORT "https://jira.mongodb.org/browse/CDRIVER"
| #define PACKAGE_URL ""
| #define HAVE_TYPEOF 1
| #define STDC_HEADERS 1
| #define HAVE_SYS_TYPES_H 1
| #define HAVE_SYS_STAT_H 1
| #define HAVE_STDLIB_H 1
| #define HAVE_STRING_H 1
| #define HAVE_MEMORY_H 1
| #define HAVE_STRINGS_H 1
| #define HAVE_INTTYPES_H 1
| #define HAVE_STDINT_H 1
| #define HAVE_UNISTD_H 1
| #define HAVE__BOOL 1
| #define HAVE_STDBOOL_H 1
| #define HAVE_STRINGS_H 1
| /* end confdefs.h.  */
| #ifndef __APPLE_CC__
| 	       not a universal capable compiler
| 	     #endif
| 	     typedef int dummy;
| 
configure:5685: gcc -c   conftest.c >&5
configure:5685: $? = 0
configure:5703: gcc -c   conftest.c >&5
conftest.c: In function 'main':
conftest.c:30:4: error: unknown type name 'not'
    not big endian
    ^
conftest.c:30:12: error: expected '=', ',', ';', 'asm' or '__attribute__' before 'endian'
    not big endian
            ^
configure:5703: $? = 1
configure: failed program was:
| /* confdefs.h */
| #define PACKAGE_NAME "libbson"
| #define PACKAGE_TARNAME "libbson"
| #define PACKAGE_VERSION "1.6.3-dev"
| #define PACKAGE_STRING "libbson 1.6.3-dev"
| #define PACKAGE_BUGREPORT "https://jira.mongodb.org/browse/CDRIVER"
| #define PACKAGE_URL ""
| #define HAVE_TYPEOF 1
| #define STDC_HEADERS 1
| #define HAVE_SYS_TYPES_H 1
| #define HAVE_SYS_STAT_H 1
| #define HAVE_STDLIB_H 1
| #define HAVE_STRING_H 1
| #define HAVE_MEMORY_H 1
| #define HAVE_STRINGS_H 1
| #define HAVE_INTTYPES_H 1
| #define HAVE_STDINT_H 1
| #define HAVE_UNISTD_H 1
| #define HAVE__BOOL 1
| #define HAVE_STDBOOL_H 1
| #define HAVE_STRINGS_H 1
| /* end confdefs.h.  */
| #include <sys/types.h>
| 		#include <sys/param.h>
| 
| int
| main ()
| {
| #if BYTE_ORDER != BIG_ENDIAN
| 		 not big endian
| 		#endif
| 
|   ;
|   return 0;
| }
configure:5831: result: no
configure:6240: checking how to print strings
configure:6267: result: printf
configure:6288: checking for a sed that does not truncate output
configure:6352: result: /bin/sed
configure:6370: checking for fgrep
configure:6432: result: /bin/grep -F
configure:6467: checking for ld used by gcc
configure:6534: result: /usr/bin/ld
configure:6541: checking if the linker (/usr/bin/ld) is GNU ld
configure:6556: result: yes
configure:6568: checking for BSD- or MS-compatible name lister (nm)
configure:6622: result: /usr/bin/nm -B
configure:6752: checking the name lister (/usr/bin/nm -B) interface
configure:6759: gcc -c   conftest.c >&5
configure:6762: /usr/bin/nm -B "conftest.o"
configure:6765: output
0000000000000000 B some_variable
configure:6772: result: BSD nm
configure:6775: checking whether ln -s works
configure:6779: result: yes
configure:6787: checking the maximum length of command line arguments
configure:6918: result: 1572864
configure:6966: checking how to convert x86_64-pc-linux-gnu file names to x86_64-pc-linux-gnu format
configure:7006: result: func_convert_file_noop
configure:7013: checking how to convert x86_64-pc-linux-gnu file names to toolchain format
configure:7033: result: func_convert_file_noop
configure:7040: checking for /usr/bin/ld option to reload object files
configure:7047: result: -r
configure:7121: checking for objdump
configure:7148: result: objdump
configure:7177: checking how to recognize dependent libraries
configure:7377: result: pass_all
configure:7462: checking for dlltool
configure:7489: result: dlltool
configure:7519: checking how to associate runtime and link libraries
configure:7546: result: printf %s\n
configure:7606: checking for ar
configure:7622: found /usr/bin/ar
configure:7633: result: ar
configure:7670: checking for archiver @FILE support
configure:7687: gcc -c   conftest.c >&5
configure:7687: $? = 0
configure:7690: ar cru libconftest.a @conftest.lst >&5
ar: `u' modifier ignored since `D' is the default (see `U')
configure:7693: $? = 0
configure:7698: ar cru libconftest.a @conftest.lst >&5
ar: `u' modifier ignored since `D' is the default (see `U')
ar: conftest.o: No such file or directory
configure:7701: $? = 1
configure:7713: result: @
configure:7771: checking for strip
configure:7787: found /usr/bin/strip
configure:7798: result: strip
configure:7870: checking for ranlib
configure:7886: found /usr/bin/ranlib
configure:7897: result: ranlib
configure:7974: checking for gawk
configure:8004: result: no
configure:7974: checking for mawk
configure:7990: found /usr/bin/mawk
configure:8001: result: mawk
configure:8041: checking command to parse /usr/bin/nm -B output from gcc object
configure:8194: gcc -c   conftest.c >&5
configure:8197: $? = 0
configure:8201: /usr/bin/nm -B conftest.o \| sed -n -e 's/^.*[ ]\([ABCDGIRSTW][ABCDGIRSTW]*\)[ ][ ]*\([_A-Za-z][_A-Za-z0-9]*\)$/\1 \2 \2/p' | sed '/ __gnu_lto/d' \> conftest.nm
configure:8204: $? = 0
configure:8270: gcc -o conftest    conftest.c conftstm.o >&5
configure:8273: $? = 0
configure:8311: result: ok
configure:8358: checking for sysroot
configure:8388: result: no
configure:8395: checking for a working dd
configure:8433: result: /bin/dd
configure:8437: checking how to truncate binary pipes
configure:8452: result: /bin/dd bs=4096 count=1
configure:8588: gcc -c   conftest.c >&5
configure:8591: $? = 0
configure:8781: checking for mt
configure:8797: found /bin/mt
configure:8808: result: mt
configure:8831: checking if mt is a manifest tool
configure:8837: mt '-?'
configure:8845: result: no
configure:9519: checking for dlfcn.h
configure:9519: gcc -c   conftest.c >&5
configure:9519: $? = 0
configure:9519: result: yes
configure:9754: checking for objdir
configure:9769: result: .libs
configure:10033: checking if gcc supports -fno-rtti -fno-exceptions
configure:10051: gcc -c   -fno-rtti -fno-exceptions conftest.c >&5
cc1: warning: command line option '-fno-rtti' is valid for C++/ObjC++ but not for C
configure:10055: $? = 0
configure:10068: result: no
configure:10426: checking for gcc option to produce PIC
configure:10433: result: -fPIC -DPIC
configure:10441: checking if gcc PIC flag -fPIC -DPIC works
configure:10459: gcc -c   -fPIC -DPIC -DPIC conftest.c >&5
configure:10463: $? = 0
configure:10476: result: yes
configure:10505: checking if gcc static flag -static works
configure:10533: result: yes
configure:10548: checking if gcc supports -c -o file.o
configure:10569: gcc -c   -o out/conftest2.o conftest.c >&5
configure:10573: $? = 0
configure:10595: result: yes
configure:10603: checking if gcc supports -c -o file.o
configure:10650: result: yes
configure:10683: checking whether the gcc linker (/usr/bin/ld -m elf_x86_64) supports shared libraries
configure:11946: result: yes
configure:11983: checking whether -lc should be explicitly linked in
configure:11991: gcc -c   conftest.c >&5
configure:11994: $? = 0
configure:12009: gcc -shared  -fPIC -DPIC conftest.o  -v -Wl,-soname -Wl,conftest -o conftest 2\>\&1 \| /bin/grep  -lc  \>/dev/null 2\>\&1
configure:12012: $? = 0
configure:12026: result: no
configure:12186: checking dynamic linker characteristics
configure:12767: gcc -o conftest    -Wl,-rpath -Wl,/foo conftest.c  >&5
configure:12767: $? = 0
configure:13016: result: GNU/Linux ld.so
configure:13138: checking how to hardcode library paths into programs
configure:13163: result: immediate
configure:13711: checking whether stripping libraries is possible
configure:13716: result: yes
configure:13751: checking if libtool supports shared libraries
configure:13753: result: yes
configure:13756: checking whether to build shared libraries
configure:13781: result: yes
configure:13784: checking whether to build static libraries
configure:13788: result: no
configure:13811: checking how to run the C++ preprocessor
configure:13838: g++ -E  conftest.cpp
configure:13838: $? = 0
configure:13852: g++ -E  conftest.cpp
conftest.cpp:25:28: fatal error: ac_nonexistent.h: No such file or directory
compilation terminated.
configure:13852: $? = 1
configure: failed program was:
| /* confdefs.h */
| #define PACKAGE_NAME "libbson"
| #define PACKAGE_TARNAME "libbson"
| #define PACKAGE_VERSION "1.6.3-dev"
| #define PACKAGE_STRING "libbson 1.6.3-dev"
| #define PACKAGE_BUGREPORT "https://jira.mongodb.org/browse/CDRIVER"
| #define PACKAGE_URL ""
| #define HAVE_TYPEOF 1
| #define STDC_HEADERS 1
| #define HAVE_SYS_TYPES_H 1
| #define HAVE_SYS_STAT_H 1
| #define HAVE_STDLIB_H 1
| #define HAVE_STRING_H 1
| #define HAVE_MEMORY_H 1
| #define HAVE_STRINGS_H 1
| #define HAVE_INTTYPES_H 1
| #define HAVE_STDINT_H 1
| #define HAVE_UNISTD_H 1
| #define HAVE__BOOL 1
| #define HAVE_STDBOOL_H 1
| #define HAVE_STRINGS_H 1
| #define HAVE_DLFCN_H 1
| #define LT_OBJDIR ".libs/"
| /* end confdefs.h.  */
| #include <ac_nonexistent.h>
configure:13877: result: g++ -E
configure:13897: g++ -E  conftest.cpp
configure:13897: $? = 0
configure:13911: g++ -E  conftest.cpp
conftest.cpp:25:28: fatal error: ac_nonexistent.h: No such file or directory
compilation terminated.
configure:13911: $? = 1
configure: failed program was:
| /* confdefs.h */
| #define PACKAGE_NAME "libbson"
| #define PACKAGE_TARNAME "libbson"
| #define PACKAGE_VERSION "1.6.3-dev"
| #define PACKAGE_STRING "libbson 1.6.3-dev"
| #define PACKAGE_BUGREPORT "https://jira.mongodb.org/browse/CDRIVER"
| #define PACKAGE_URL ""
| #define HAVE_TYPEOF 1
| #define STDC_HEADERS 1
| #define HAVE_SYS_TYPES_H 1
| #define HAVE_SYS_STAT_H 1
| #define HAVE_STDLIB_H 1
| #define HAVE_STRING_H 1
| #define HAVE_MEMORY_H 1
| #define HAVE_STRINGS_H 1
| #define HAVE_INTTYPES_H 1
| #define HAVE_STDINT_H 1
| #define HAVE_UNISTD_H 1
| #define HAVE__BOOL 1
| #define HAVE_STDBOOL_H 1
| #define HAVE_STRINGS_H 1
| #define HAVE_DLFCN_H 1
| #define LT_OBJDIR ".libs/"
| /* end confdefs.h.  */
| #include <ac_nonexistent.h>
configure:14073: checking for ld used by g++
configure:14140: result: /usr/bin/ld -m elf_x86_64
configure:14147: checking if the linker (/usr/bin/ld -m elf_x86_64) is GNU ld
configure:14162: result: yes
configure:14217: checking whether the g++ linker (/usr/bin/ld -m elf_x86_64) supports shared libraries
configure:15290: result: yes
configure:15326: g++ -c   conftest.cpp >&5
configure:15329: $? = 0
configure:15810: checking for g++ option to produce PIC
configure:15817: result: -fPIC -DPIC
configure:15825: checking if g++ PIC flag -fPIC -DPIC works
configure:15843: g++ -c   -fPIC -DPIC -DPIC conftest.cpp >&5
configure:15847: $? = 0
configure:15860: result: yes
configure:15883: checking if g++ static flag -static works
configure:15911: result: yes
configure:15923: checking if g++ supports -c -o file.o
configure:15944: g++ -c   -o out/conftest2.o conftest.cpp >&5
configure:15948: $? = 0
configure:15970: result: yes
configure:15975: checking if g++ supports -c -o file.o
configure:16022: result: yes
configure:16052: checking whether the g++ linker (/usr/bin/ld -m elf_x86_64) supports shared libraries
configure:16095: result: yes
configure:16236: checking dynamic linker characteristics
configure:16993: result: GNU/Linux ld.so
configure:17058: checking how to hardcode library paths into programs
configure:17083: result: immediate
configure:17147: checking whether to do a debug build
configure:17156: result: no
configure:17159: checking whether to enable optimized builds
configure:17174: result: yes
configure:17177: checking whether to enable extra alignment of types
configure:17186: result: yes
configure:17205: checking whether to enable code coverage support
configure:17214: result: no
configure:17217: checking whether to enable debug symbols
configure:17238: result: no
configure:17286: checking for strnlen
configure:17305: gcc -c   conftest.c >&5
conftest.c:27:5: error: conflicting types for 'strnlen'
 int strnlen () { return 0; }
     ^
In file included from conftest.c:26:0:
/usr/include/string.h:401:15: note: previous declaration of 'strnlen' was here
 extern size_t strnlen (const char *__string, size_t __maxlen)
               ^
configure:17305: $? = 1
configure: failed program was:
| /* confdefs.h */
| #define PACKAGE_NAME "libbson"
| #define PACKAGE_TARNAME "libbson"
| #define PACKAGE_VERSION "1.6.3-dev"
| #define PACKAGE_STRING "libbson 1.6.3-dev"
| #define PACKAGE_BUGREPORT "https://jira.mongodb.org/browse/CDRIVER"
| #define PACKAGE_URL ""
| #define HAVE_TYPEOF 1
| #define STDC_HEADERS 1
| #define HAVE_SYS_TYPES_H 1
| #define HAVE_SYS_STAT_H 1
| #define HAVE_STDLIB_H 1
| #define HAVE_STRING_H 1
| #define HAVE_MEMORY_H 1
| #define HAVE_STRINGS_H 1
| #define HAVE_INTTYPES_H 1
| #define HAVE_STDINT_H 1
| #define HAVE_UNISTD_H 1
| #define HAVE__BOOL 1
| #define HAVE_STDBOOL_H 1
| #define HAVE_STRINGS_H 1
| #define HAVE_DLFCN_H 1
| #define LT_OBJDIR ".libs/"
| /* end confdefs.h.  */
| 
| #include <string.h>
| int strnlen () { return 0; }
| 
| int
| main ()
| {
| 
|   ;
|   return 0;
| }
configure:17312: result: yes
configure:17322: checking for reallocf
configure:17341: gcc -c   conftest.c >&5
configure:17341: $? = 0
configure:17348: result: no
configure:17358: checking for syscall
configure:17378: gcc -c   conftest.c >&5
conftest.c:28:5: error: conflicting types for 'syscall'
 int syscall () { return 0; }
     ^
In file included from conftest.c:26:0:
/usr/include/unistd.h:1061:17: note: previous declaration of 'syscall' was here
 extern long int syscall (long int __sysno, ...) __THROW;
                 ^
configure:17378: $? = 1
configure: failed program was:
| /* confdefs.h */
| #define PACKAGE_NAME "libbson"
| #define PACKAGE_TARNAME "libbson"
| #define PACKAGE_VERSION "1.6.3-dev"
| #define PACKAGE_STRING "libbson 1.6.3-dev"
| #define PACKAGE_BUGREPORT "https://jira.mongodb.org/browse/CDRIVER"
| #define PACKAGE_URL ""
| #define HAVE_TYPEOF 1
| #define STDC_HEADERS 1
| #define HAVE_SYS_TYPES_H 1
| #define HAVE_SYS_STAT_H 1
| #define HAVE_STDLIB_H 1
| #define HAVE_STRING_H 1
| #define HAVE_MEMORY_H 1
| #define HAVE_STRINGS_H 1
| #define HAVE_INTTYPES_H 1
| #define HAVE_STDINT_H 1
| #define HAVE_UNISTD_H 1
| #define HAVE__BOOL 1
| #define HAVE_STDBOOL_H 1
| #define HAVE_STRINGS_H 1
| #define HAVE_DLFCN_H 1
| #define LT_OBJDIR ".libs/"
| /* end confdefs.h.  */
| 
| #include <unistd.h>
| #include <sys/syscall.h>
| int syscall () { return 0; }
| 
| int
| main ()
| {
| 
|   ;
|   return 0;
| }
configure:17385: result: yes
configure:17388: checking for SYS_gettid
configure:17408: gcc -c   conftest.c >&5
configure:17408: $? = 0
configure:17415: result: yes
configure:17426: checking for snprintf
configure:17426: gcc -o conftest    conftest.c  >&5
conftest.c:48:6: warning: conflicting types for built-in function 'snprintf'
 char snprintf ();
      ^
configure:17426: $? = 0
configure:17426: result: yes
configure:17438: checking for _set_output_format
configure:17438: gcc -o conftest    conftest.c  >&5
/tmp/ccXnOYoy.o: In function `main':
conftest.c:(.text+0xa): undefined reference to `_set_output_format'
collect2: error: ld returned 1 exit status
configure:17438: $? = 1
configure: failed program was:
| /* confdefs.h */
| #define PACKAGE_NAME "libbson"
| #define PACKAGE_TARNAME "libbson"
| #define PACKAGE_VERSION "1.6.3-dev"
| #define PACKAGE_STRING "libbson 1.6.3-dev"
| #define PACKAGE_BUGREPORT "https://jira.mongodb.org/browse/CDRIVER"
| #define PACKAGE_URL ""
| #define HAVE_TYPEOF 1
| #define STDC_HEADERS 1
| #define HAVE_SYS_TYPES_H 1
| #define HAVE_SYS_STAT_H 1
| #define HAVE_STDLIB_H 1
| #define HAVE_STRING_H 1
| #define HAVE_MEMORY_H 1
| #define HAVE_STRINGS_H 1
| #define HAVE_INTTYPES_H 1
| #define HAVE_STDINT_H 1
| #define HAVE_UNISTD_H 1
| #define HAVE__BOOL 1
| #define HAVE_STDBOOL_H 1
| #define HAVE_STRINGS_H 1
| #define HAVE_DLFCN_H 1
| #define LT_OBJDIR ".libs/"
| /* end confdefs.h.  */
| /* Define _set_output_format to an innocuous variant, in case <limits.h> declares _set_output_format.
|    For example, HP-UX 11i <limits.h> declares gettimeofday.  */
| #define _set_output_format innocuous__set_output_format
| 
| /* System header to define __stub macros and hopefully few prototypes,
|     which can conflict with char _set_output_format (); below.
|     Prefer <limits.h> to <assert.h> if __STDC__ is defined, since
|     <limits.h> exists even on freestanding compilers.  */
| 
| #ifdef __STDC__
| # include <limits.h>
| #else
| # include <assert.h>
| #endif
| 
| #undef _set_output_format
| 
| /* Override any GCC internal prototype to avoid an error.
|    Use char because int might match the return type of a GCC
|    builtin and then its argument prototype would still apply.  */
| #ifdef __cplusplus
| extern "C"
| #endif
| char _set_output_format ();
| /* The GNU C library defines this for functions which it implements
|     to always fail with ENOSYS.  Some functions are actually named
|     something starting with __ and the normal name is an alias.  */
| #if defined __stub__set_output_format || defined __stub____set_output_format
| choke me
| #endif
| 
| int
| main ()
| {
| return _set_output_format ();
|   ;
|   return 0;
| }
configure:17438: result: no
configure:17452: checking for struct timespec
configure:17452: gcc -c   conftest.c >&5
configure:17452: $? = 0
configure:17452: gcc -c   conftest.c >&5
conftest.c: In function 'main':
conftest.c:30:30: error: expected expression before ')' token
 if (sizeof ((struct timespec)))
                              ^
configure:17452: $? = 1
configure: failed program was:
| /* confdefs.h */
| #define PACKAGE_NAME "libbson"
| #define PACKAGE_TARNAME "libbson"
| #define PACKAGE_VERSION "1.6.3-dev"
| #define PACKAGE_STRING "libbson 1.6.3-dev"
| #define PACKAGE_BUGREPORT "https://jira.mongodb.org/browse/CDRIVER"
| #define PACKAGE_URL ""
| #define HAVE_TYPEOF 1
| #define STDC_HEADERS 1
| #define HAVE_SYS_TYPES_H 1
| #define HAVE_SYS_STAT_H 1
| #define HAVE_STDLIB_H 1
| #define HAVE_STRING_H 1
| #define HAVE_MEMORY_H 1
| #define HAVE_STRINGS_H 1
| #define HAVE_INTTYPES_H 1
| #define HAVE_STDINT_H 1
| #define HAVE_UNISTD_H 1
| #define HAVE__BOOL 1
| #define HAVE_STDBOOL_H 1
| #define HAVE_STRINGS_H 1
| #define HAVE_DLFCN_H 1
| #define LT_OBJDIR ".libs/"
| /* end confdefs.h.  */
| #include <time.h>
| 
| int
| main ()
| {
| if (sizeof ((struct timespec)))
| 	    return 0;
|   ;
|   return 0;
| }
configure:17452: result: yes
configure:17463: checking for library containing clock_gettime
configure:17494: gcc -o conftest    conftest.c  >&5
configure:17494: $? = 0
configure:17511: result: none required
configure:17639: checking if compiler needs -Werror to reject unknown flags
configure:17655: gcc -c  -Werror -Wunknown-warning-option -Wsizeof-array-argument  conftest.c >&5
gcc: error: unrecognized command line option '-Wunknown-warning-option'
configure:17655: $? = 1
configure: failed program was:
| /* confdefs.h */
| #define PACKAGE_NAME "libbson"
| #define PACKAGE_TARNAME "libbson"
| #define PACKAGE_VERSION "1.6.3-dev"
| #define PACKAGE_STRING "libbson 1.6.3-dev"
| #define PACKAGE_BUGREPORT "https://jira.mongodb.org/browse/CDRIVER"
| #define PACKAGE_URL ""
| #define HAVE_TYPEOF 1
| #define STDC_HEADERS 1
| #define HAVE_SYS_TYPES_H 1
| #define HAVE_SYS_STAT_H 1
| #define HAVE_STDLIB_H 1
| #define HAVE_STRING_H 1
| #define HAVE_MEMORY_H 1
| #define HAVE_STRINGS_H 1
| #define HAVE_INTTYPES_H 1
| #define HAVE_STDINT_H 1
| #define HAVE_UNISTD_H 1
| #define HAVE__BOOL 1
| #define HAVE_STDBOOL_H 1
| #define HAVE_STRINGS_H 1
| #define HAVE_DLFCN_H 1
| #define LT_OBJDIR ".libs/"
| /* end confdefs.h.  */
| int foo(void);
| int
| main ()
| {
| foo()
|   ;
|   return 0;
| }
configure:17660: result: no
configure:17726: checking for the pthreads library -lpthreads
configure:17764: gcc -o conftest      conftest.c -lpthreads  >&5
/usr/bin/ld: cannot find -lpthreads
collect2: error: ld returned 1 exit status
configure:17764: $? = 1
configure: failed program was:
| /* confdefs.h */
| #define PACKAGE_NAME "libbson"
| #define PACKAGE_TARNAME "libbson"
| #define PACKAGE_VERSION "1.6.3-dev"
| #define PACKAGE_STRING "libbson 1.6.3-dev"
| #define PACKAGE_BUGREPORT "https://jira.mongodb.org/browse/CDRIVER"
| #define PACKAGE_URL ""
| #define HAVE_TYPEOF 1
| #define STDC_HEADERS 1
| #define HAVE_SYS_TYPES_H 1
| #define HAVE_SYS_STAT_H 1
| #define HAVE_STDLIB_H 1
| #define HAVE_STRING_H 1
| #define HAVE_MEMORY_H 1
| #define HAVE_STRINGS_H 1
| #define HAVE_INTTYPES_H 1
| #define HAVE_STDINT_H 1
| #define HAVE_UNISTD_H 1
| #define HAVE__BOOL 1
| #define HAVE_STDBOOL_H 1
| #define HAVE_STRINGS_H 1
| #define HAVE_DLFCN_H 1
| #define LT_OBJDIR ".libs/"
| /* end confdefs.h.  */
| #include <pthread.h>
|                         static void routine(void *a) { a = 0; }
|                         static void *start_routine(void *a) { return a; }
| int
| main ()
| {
| pthread_t th; pthread_attr_t attr;
|                         pthread_create(&th, 0, start_routine, 0);
|                         pthread_join(th, 0);
|                         pthread_attr_init(&attr);
|                         pthread_cleanup_push(routine, 0);
|                         pthread_cleanup_pop(0) /* ; */
|   ;
|   return 0;
| }
configure:17773: result: no
configure:17671: checking whether pthreads work without any flags
configure:17764: gcc -o conftest      conftest.c   >&5
/tmp/cciam7tI.o: In function `main':
conftest.c:(.text+0x55): undefined reference to `pthread_create'
conftest.c:(.text+0x69): undefined reference to `pthread_join'
conftest.c:(.text+0xdd): undefined reference to `__pthread_register_cancel'
conftest.c:(.text+0xe9): undefined reference to `__pthread_unregister_cancel'
collect2: error: ld returned 1 exit status
configure:17764: $? = 1
configure: failed program was:
| /* confdefs.h */
| #define PACKAGE_NAME "libbson"
| #define PACKAGE_TARNAME "libbson"
| #define PACKAGE_VERSION "1.6.3-dev"
| #define PACKAGE_STRING "libbson 1.6.3-dev"
| #define PACKAGE_BUGREPORT "https://jira.mongodb.org/browse/CDRIVER"
| #define PACKAGE_URL ""
| #define HAVE_TYPEOF 1
| #define STDC_HEADERS 1
| #define HAVE_SYS_TYPES_H 1
| #define HAVE_SYS_STAT_H 1
| #define HAVE_STDLIB_H 1
| #define HAVE_STRING_H 1
| #define HAVE_MEMORY_H 1
| #define HAVE_STRINGS_H 1
| #define HAVE_INTTYPES_H 1
| #define HAVE_STDINT_H 1
| #define HAVE_UNISTD_H 1
| #define HAVE__BOOL 1
| #define HAVE_STDBOOL_H 1
| #define HAVE_STRINGS_H 1
| #define HAVE_DLFCN_H 1
| #define LT_OBJDIR ".libs/"
| /* end confdefs.h.  */
| #include <pthread.h>
|                         static void routine(void *a) { a = 0; }
|                         static void *start_routine(void *a) { return a; }
| int
| main ()
| {
| pthread_t th; pthread_attr_t attr;
|                         pthread_create(&th, 0, start_routine, 0);
|                         pthread_join(th, 0);
|                         pthread_attr_init(&attr);
|                         pthread_cleanup_push(routine, 0);
|                         pthread_cleanup_pop(0) /* ; */
|   ;
|   return 0;
| }
configure:17773: result: no
configure:17676: checking whether pthreads work with -Kthread
configure:17764: gcc -o conftest  -Kthread    conftest.c   >&5
gcc: error: unrecognized command line option '-Kthread'
configure:17764: $? = 1
configure: failed program was:
| /* confdefs.h */
| #define PACKAGE_NAME "libbson"
| #define PACKAGE_TARNAME "libbson"
| #define PACKAGE_VERSION "1.6.3-dev"
| #define PACKAGE_STRING "libbson 1.6.3-dev"
| #define PACKAGE_BUGREPORT "https://jira.mongodb.org/browse/CDRIVER"
| #define PACKAGE_URL ""
| #define HAVE_TYPEOF 1
| #define STDC_HEADERS 1
| #define HAVE_SYS_TYPES_H 1
| #define HAVE_SYS_STAT_H 1
| #define HAVE_STDLIB_H 1
| #define HAVE_STRING_H 1
| #define HAVE_MEMORY_H 1
| #define HAVE_STRINGS_H 1
| #define HAVE_INTTYPES_H 1
| #define HAVE_STDINT_H 1
| #define HAVE_UNISTD_H 1
| #define HAVE__BOOL 1
| #define HAVE_STDBOOL_H 1
| #define HAVE_STRINGS_H 1
| #define HAVE_DLFCN_H 1
| #define LT_OBJDIR ".libs/"
| /* end confdefs.h.  */
| #include <pthread.h>
|                         static void routine(void *a) { a = 0; }
|                         static void *start_routine(void *a) { return a; }
| int
| main ()
| {
| pthread_t th; pthread_attr_t attr;
|                         pthread_create(&th, 0, start_routine, 0);
|                         pthread_join(th, 0);
|                         pthread_attr_init(&attr);
|                         pthread_cleanup_push(routine, 0);
|                         pthread_cleanup_pop(0) /* ; */
|   ;
|   return 0;
| }
configure:17773: result: no
configure:17676: checking whether pthreads work with -kthread
configure:17764: gcc -o conftest  -kthread    conftest.c   >&5
gcc: error: unrecognized command line option '-kthread'
configure:17764: $? = 1
configure: failed program was:
| /* confdefs.h */
| #define PACKAGE_NAME "libbson"
| #define PACKAGE_TARNAME "libbson"
| #define PACKAGE_VERSION "1.6.3-dev"
| #define PACKAGE_STRING "libbson 1.6.3-dev"
| #define PACKAGE_BUGREPORT "https://jira.mongodb.org/browse/CDRIVER"
| #define PACKAGE_URL ""
| #define HAVE_TYPEOF 1
| #define STDC_HEADERS 1
| #define HAVE_SYS_TYPES_H 1
| #define HAVE_SYS_STAT_H 1
| #define HAVE_STDLIB_H 1
| #define HAVE_STRING_H 1
| #define HAVE_MEMORY_H 1
| #define HAVE_STRINGS_H 1
| #define HAVE_INTTYPES_H 1
| #define HAVE_STDINT_H 1
| #define HAVE_UNISTD_H 1
| #define HAVE__BOOL 1
| #define HAVE_STDBOOL_H 1
| #define HAVE_STRINGS_H 1
| #define HAVE_DLFCN_H 1
| #define LT_OBJDIR ".libs/"
| /* end confdefs.h.  */
| #include <pthread.h>
|                         static void routine(void *a) { a = 0; }
|                         static void *start_routine(void *a) { return a; }
| int
| main ()
| {
| pthread_t th; pthread_attr_t attr;
|                         pthread_create(&th, 0, start_routine, 0);
|                         pthread_join(th, 0);
|                         pthread_attr_init(&attr);
|                         pthread_cleanup_push(routine, 0);
|                         pthread_cleanup_pop(0) /* ; */
|   ;
|   return 0;
| }
configure:17773: result: no
configure:17726: checking for the pthreads library -llthread
configure:17764: gcc -o conftest      conftest.c -llthread  >&5
/usr/bin/ld: cannot find -llthread
collect2: error: ld returned 1 exit status
configure:17764: $? = 1
configure: failed program was:
| /* confdefs.h */
| #define PACKAGE_NAME "libbson"
| #define PACKAGE_TARNAME "libbson"
| #define PACKAGE_VERSION "1.6.3-dev"
| #define PACKAGE_STRING "libbson 1.6.3-dev"
| #define PACKAGE_BUGREPORT "https://jira.mongodb.org/browse/CDRIVER"
| #define PACKAGE_URL ""
| #define HAVE_TYPEOF 1
| #define STDC_HEADERS 1
| #define HAVE_SYS_TYPES_H 1
| #define HAVE_SYS_STAT_H 1
| #define HAVE_STDLIB_H 1
| #define HAVE_STRING_H 1
| #define HAVE_MEMORY_H 1
| #define HAVE_STRINGS_H 1
| #define HAVE_INTTYPES_H 1
| #define HAVE_STDINT_H 1
| #define HAVE_UNISTD_H 1
| #define HAVE__BOOL 1
| #define HAVE_STDBOOL_H 1
| #define HAVE_STRINGS_H 1
| #define HAVE_DLFCN_H 1
| #define LT_OBJDIR ".libs/"
| /* end confdefs.h.  */
| #include <pthread.h>
|                         static void routine(void *a) { a = 0; }
|                         static void *start_routine(void *a) { return a; }
| int
| main ()
| {
| pthread_t th; pthread_attr_t attr;
|                         pthread_create(&th, 0, start_routine, 0);
|                         pthread_join(th, 0);
|                         pthread_attr_init(&attr);
|                         pthread_cleanup_push(routine, 0);
|                         pthread_cleanup_pop(0) /* ; */
|   ;
|   return 0;
| }
configure:17773: result: no
configure:17676: checking whether pthreads work with -pthread
configure:17764: gcc -o conftest  -pthread    conftest.c   >&5
configure:17764: $? = 0
configure:17773: result: yes
configure:17792: checking for joinable pthread attribute
configure:17807: gcc -o conftest  -pthread   conftest.c   >&5
configure:17807: $? = 0
configure:17813: result: PTHREAD_CREATE_JOINABLE
configure:17823: checking if more special flags are required for pthreads
configure:17838: result: no
configure:17844: checking for PTHREAD_PRIO_INHERIT
configure:17861: gcc -o conftest  -pthread   conftest.c   >&5
configure:17861: $? = 0
configure:17870: result: yes
configure:17984: checking whether PTHREAD_ONCE_INIT needs braces
configure:18001: gcc -c   conftest.c >&5
configure:18001: $? = 0
configure:18008: result: no
configure:18032: checking for __sync_add_and_fetch_4
configure:18045: gcc -o conftest    conftest.c  >&5
configure:18045: $? = 0
configure:18046: result: yes
configure:18064: checking for __sync_add_and_fetch_8
configure:18077: gcc -o conftest    conftest.c  >&5
configure:18077: $? = 0
configure:18078: result: yes
configure:18814: checking whether the linker accepts -Wl,-Bsymbolic
configure:18833: gcc -o conftest    -Werror  -Wl,-Bsymbolic conftest.c  >&5
configure:18833: $? = 0
configure:18842: result: yes
configure:18960: checking whether build environment is sane
configure:19015: result: yes
configure:19163: checking for a thread-safe mkdir -p
configure:19202: result: /bin/mkdir -p
configure:19205: checking whether make sets $(MAKE)
configure:19227: result: yes
configure:19257: checking for style of include used by make
configure:19285: result: GNU
configure:19319: checking whether make supports nested variables
configure:19336: result: yes
configure:19425: checking whether UID '1000' is supported by ustar format
configure:19428: result: yes
configure:19435: checking whether GID '1000' is supported by ustar format
configure:19438: result: yes
configure:19446: checking how to create a ustar tar archive
configure:19457: tar --version
tar (GNU tar) 1.28
Copyright (C) 2014 Free Software Foundation, Inc.
License GPLv3+: GNU GPL version 3 or later <http://gnu.org/licenses/gpl.html>.
This is free software: you are free to change and redistribute it.
There is NO WARRANTY, to the extent permitted by law.

Written by John Gilmore and Jay Fenlason.
configure:19460: $? = 0
configure:19500: tardir=conftest.dir && eval tar --format=ustar -chf - "$tardir" >conftest.tar
configure:19503: $? = 0
configure:19507: tar -xf - <conftest.tar
configure:19510: $? = 0
configure:19512: cat conftest.dir/file
GrepMe
configure:19515: $? = 0
configure:19528: result: gnutar
configure:19537: checking dependency style of gcc
configure:19648: result: gcc3
configure:19665: checking dependency style of g++
configure:19776: result: gcc3
configure:19845: checking whether make supports nested variables
configure:19862: result: yes
configure:20169: checking that generated files are newer than configure
configure:20175: result: done
configure:20262: creating ./config.status

## ---------------------- ##
## Running config.status. ##
## ---------------------- ##

This file was extended by libbson config.status 1.6.3-dev, which was
generated by GNU Autoconf 2.69.  Invocation command line was

  CONFIG_FILES    = 
  CONFIG_HEADERS  = 
  CONFIG_LINKS    = 
  CONFIG_COMMANDS = 
  $ ./config.status 

on jiang-PC

config.status:1151: creating Makefile
config.status:1151: creating src/libbson-1.0.pc
config.status:1151: creating src/bson/bson-config.h
config.status:1151: creating src/bson/bson-version.h
config.status:1323: executing libtool commands
config.status:1323: executing depfiles commands

## ---------------- ##
## Cache variables. ##
## ---------------- ##

ac_cv_build=x86_64-pc-linux-gnu
ac_cv_c_bigendian=no
ac_cv_c_compiler_gnu=yes
ac_cv_c_const=yes
ac_cv_c_inline=inline
ac_cv_c_typeof=typeof
ac_cv_cxx_compiler_gnu=yes
ac_cv_env_CCC_set=
ac_cv_env_CCC_value=
ac_cv_env_CC_set=
ac_cv_env_CC_value=
ac_cv_env_CFLAGS_set=
ac_cv_env_CFLAGS_value=
ac_cv_env_CPPFLAGS_set=
ac_cv_env_CPPFLAGS_value=
ac_cv_env_CPP_set=
ac_cv_env_CPP_value=
ac_cv_env_CXXCPP_set=
ac_cv_env_CXXCPP_value=
ac_cv_env_CXXFLAGS_set=
ac_cv_env_CXXFLAGS_value=
ac_cv_env_CXX_set=
ac_cv_env_CXX_value=
ac_cv_env_LDFLAGS_set=
ac_cv_env_LDFLAGS_value=
ac_cv_env_LIBS_set=
ac_cv_env_LIBS_value=
ac_cv_env_LT_SYS_LIBRARY_PATH_set=
ac_cv_env_LT_SYS_LIBRARY_PATH_value=
ac_cv_env_build_alias_set=
ac_cv_env_build_alias_value=
ac_cv_env_host_alias_set=
ac_cv_env_host_alias_value=
ac_cv_env_target_alias_set=
ac_cv_env_target_alias_value=
ac_cv_func__set_output_format=no
ac_cv_func_snprintf=yes
ac_cv_header_dlfcn_h=yes
ac_cv_header_inttypes_h=yes
ac_cv_header_memory_h=yes
ac_cv_header_stdbool_h=yes
ac_cv_header_stdc=yes
ac_cv_header_stdint=stdint.h
ac_cv_header_stdint_h=yes
ac_cv_header_stdint_o=no-file
ac_cv_header_stdint_test=no
ac_cv_header_stdint_u=no-file
ac_cv_header_stdint_x=stdint.h
ac_cv_header_stdlib_h=yes
ac_cv_header_string_h=yes
ac_cv_header_strings_h=yes
ac_cv_header_sys_stat_h=yes
ac_cv_header_sys_types_h=yes
ac_cv_header_unistd_h=yes
ac_cv_host=x86_64-pc-linux-gnu
ac_cv_objext=o
ac_cv_path_EGREP='/bin/grep -E'
ac_cv_path_FGREP='/bin/grep -F'
ac_cv_path_GREP=/bin/grep
ac_cv_path_MV=/bin/mv
ac_cv_path_PERL=/usr/bin/perl
ac_cv_path_SED=/bin/sed
ac_cv_path_install='/usr/bin/install -c'
ac_cv_path_lt_DD=/bin/dd
ac_cv_path_mkdir=/bin/mkdir
ac_cv_prog_AWK=mawk
ac_cv_prog_CPP='gcc -E'
ac_cv_prog_CXXCPP='g++ -E'
ac_cv_prog_ac_ct_AR=ar
ac_cv_prog_ac_ct_CC=gcc
ac_cv_prog_ac_ct_CXX=g++
ac_cv_prog_ac_ct_DLLTOOL=dlltool
ac_cv_prog_ac_ct_MANIFEST_TOOL=mt
ac_cv_prog_ac_ct_OBJDUMP=objdump
ac_cv_prog_ac_ct_RANLIB=ranlib
ac_cv_prog_ac_ct_STRIP=strip
ac_cv_prog_cc_c89=
ac_cv_prog_cc_g=yes
ac_cv_prog_cxx_g=yes
ac_cv_prog_make_make_set=yes
ac_cv_search_clock_gettime='none required'
ac_cv_sizeof_X=::::
ac_cv_sizeof_x=:
ac_cv_target=x86_64-pc-linux-gnu
ac_cv_type__Bool=yes
ac_cv_type_int_fast32_t=yes
ac_cv_type_int_least32_t=yes
ac_cv_type_struct_timespec=yes
ac_cv_type_uint64_t=yes
ac_cv_type_uintptr_t=yes
am_cv_CC_dependencies_compiler_type=gcc3
am_cv_CXX_dependencies_compiler_type=gcc3
am_cv_make_support_nested_variables=yes
am_cv_prog_cc_c_o=yes
am_cv_prog_tar_ustar=gnutar
ax_cv_PTHREAD_PRIO_INHERIT=yes
ax_cv_check_ldflags__Werror___Wl__Bsymbolic=yes
bson_cv_have_reallocf=no
bson_cv_have_strnlen=yes
bson_cv_have_sys_gettid_tid=yes
bson_cv_have_syscall_tid=yes
bson_cv_need_braces_on_pthread_once_init=no
lt_cv_ar_at_file=@
lt_cv_archive_cmds_need_lc=no
lt_cv_deplibs_check_method=pass_all
lt_cv_file_magic_cmd='$MAGIC_CMD'
lt_cv_file_magic_test_file=
lt_cv_ld_reload_flag=-r
lt_cv_nm_interface='BSD nm'
lt_cv_objdir=.libs
lt_cv_path_LD=/usr/bin/ld
lt_cv_path_LDCXX='/usr/bin/ld -m elf_x86_64'
lt_cv_path_NM='/usr/bin/nm -B'
lt_cv_path_mainfest_tool=no
lt_cv_prog_compiler_c_o=yes
lt_cv_prog_compiler_c_o_CXX=yes
lt_cv_prog_compiler_pic='-fPIC -DPIC'
lt_cv_prog_compiler_pic_CXX='-fPIC -DPIC'
lt_cv_prog_compiler_pic_works=yes
lt_cv_prog_compiler_pic_works_CXX=yes
lt_cv_prog_compiler_rtti_exceptions=no
lt_cv_prog_compiler_static_works=yes
lt_cv_prog_compiler_static_works_CXX=yes
lt_cv_prog_gnu_ld=yes
lt_cv_prog_gnu_ldcxx=yes
lt_cv_sharedlib_from_linklib_cmd='printf %s\n'
lt_cv_shlibpath_overrides_runpath=no
lt_cv_sys_global_symbol_pipe='sed -n -e '\''s/^.*[	 ]\([ABCDGIRSTW][ABCDGIRSTW]*\)[	 ][	 ]*\([_A-Za-z][_A-Za-z0-9]*\)$/\1 \2 \2/p'\'' | sed '\''/ __gnu_lto/d'\'''
lt_cv_sys_global_symbol_to_c_name_address='sed -n -e '\''s/^: \(.*\) .*$/  {"\1", (void *) 0},/p'\'' -e '\''s/^[ABCDGIRSTW][ABCDGIRSTW]* .* \(.*\)$/  {"\1", (void *) \&\1},/p'\'''
lt_cv_sys_global_symbol_to_c_name_address_lib_prefix='sed -n -e '\''s/^: \(.*\) .*$/  {"\1", (void *) 0},/p'\'' -e '\''s/^[ABCDGIRSTW][ABCDGIRSTW]* .* \(lib.*\)$/  {"\1", (void *) \&\1},/p'\'' -e '\''s/^[ABCDGIRSTW][ABCDGIRSTW]* .* \(.*\)$/  {"lib\1", (void *) \&\1},/p'\'''
lt_cv_sys_global_symbol_to_cdecl='sed -n -e '\''s/^T .* \(.*\)$/extern int \1();/p'\'' -e '\''s/^[ABCDGIRSTW][ABCDGIRSTW]* .* \(.*\)$/extern char \1;/p'\'''
lt_cv_sys_global_symbol_to_import=
lt_cv_sys_max_cmd_len=1572864
lt_cv_to_host_file_cmd=func_convert_file_noop
lt_cv_to_tool_file_cmd=func_convert_file_noop
lt_cv_truncate_bin='/bin/dd bs=4096 count=1'

## ----------------- ##
## Output variables. ##
## ----------------- ##

ACLOCAL='${SHELL} /home/jiang/opensource/libbson/libbson/build/autotools/missing aclocal-1.15'
ACLOCAL_AMFLAGS='-I build/autotools'
AMDEPBACKSLASH='\'
AMDEP_FALSE='#'
AMDEP_TRUE=''
AMTAR='$${TAR-tar}'
AM_BACKSLASH='\'
AM_DEFAULT_V='$(AM_DEFAULT_VERBOSITY)'
AM_DEFAULT_VERBOSITY='0'
AM_V='$(V)'
AR='ar'
AS='as'
AUTOCONF='${SHELL} /home/jiang/opensource/libbson/libbson/build/autotools/missing autoconf'
AUTOHEADER='${SHELL} /home/jiang/opensource/libbson/libbson/build/autotools/missing autoheader'
AUTOMAKE='${SHELL} /home/jiang/opensource/libbson/libbson/build/autotools/missing automake-1.15'
AWK='mawk'
BSON_API_VERSION='1.0'
BSON_BYTE_ORDER='1234'
BSON_EXTRA_ALIGN='1'
BSON_HAVE_ATOMIC_32_ADD_AND_FETCH='1'
BSON_HAVE_ATOMIC_64_ADD_AND_FETCH='1'
BSON_HAVE_CLOCK_GETTIME='1'
BSON_HAVE_REALLOCF='0'
BSON_HAVE_SNPRINTF='1'
BSON_HAVE_STDBOOL_H='1'
BSON_HAVE_STRNLEN='1'
BSON_HAVE_SYSCALL_TID='1'
BSON_HAVE_TIMESPEC='1'
BSON_MAJOR_VERSION='1'
BSON_MICRO_VERSION='3'
BSON_MINOR_VERSION='6'
BSON_NEEDS_SET_OUTPUT_FORMAT='0'
BSON_OS='1'
BSON_PRERELEASE_VERSION='dev'
BSON_PTHREAD_ONCE_INIT_NEEDS_BRACES='0'
BSON_RELEASED_MAJOR_VERSION='1'
BSON_RELEASED_MICRO_VERSION='2'
BSON_RELEASED_MINOR_VERSION='6'
BSON_RELEASED_PRERELEASE_VERSION=''
BSON_RELEASED_VERSION='1.6.2'
BSON_VERSION='1.6.3-dev'
CC='gcc'
CCDEPMODE='depmode=gcc3'
CFLAGS=' -O2'
COMPILER_CLANG_FALSE=''
COMPILER_CLANG_TRUE='#'
COMPILER_GCC_FALSE=''
COMPILER_GCC_TRUE='#'
COVERAGE_CFLAGS=''
COVERAGE_LDFLAGS=''
CPP='gcc -E'
CPPFLAGS=''
CXX='g++'
CXXCPP='g++ -E'
CXXDEPMODE='depmode=gcc3'
CXXFLAGS=''
CYGPATH_W='echo'
DEFS='-DPACKAGE_NAME=\"libbson\" -DPACKAGE_TARNAME=\"libbson\" -DPACKAGE_VERSION=\"1.6.3-dev\" -DPACKAGE_STRING=\"libbson\ 1.6.3-dev\" -DPACKAGE_BUGREPORT=\"https://jira.mongodb.org/browse/CDRIVER\" -DPACKAGE_URL=\"\" -DHAVE_TYPEOF=1 -DSTDC_HEADERS=1 -DHAVE_SYS_TYPES_H=1 -DHAVE_SYS_STAT_H=1 -DHAVE_STDLIB_H=1 -DHAVE_STRING_H=1 -DHAVE_MEMORY_H=1 -DHAVE_STRINGS_H=1 -DHAVE_INTTYPES_H=1 -DHAVE_STDINT_H=1 -DHAVE_UNISTD_H=1 -DHAVE__BOOL=1 -DHAVE_STDBOOL_H=1 -DHAVE_STRINGS_H=1 -DHAVE_DLFCN_H=1 -DLT_OBJDIR=\".libs/\" -DHAVE_PTHREAD_PRIO_INHERIT=1 -DHAVE_PTHREAD=1 -DPACKAGE=\"libbson\" -DVERSION=\"1.6.3-dev\"'
DEPDIR='.deps'
DLLTOOL='dlltool'
DSYMUTIL=''
DUMPBIN=''
ECHO_C=''
ECHO_N='-n'
ECHO_T=''
EGREP='/bin/grep -E'
ENABLE_DEBUG_FALSE=''
ENABLE_DEBUG_TRUE='#'
ENABLE_EXAMPLES_FALSE='#'
ENABLE_EXAMPLES_TRUE=''
ENABLE_HTML_DOCS_FALSE=''
ENABLE_HTML_DOCS_TRUE='#'
ENABLE_MAN_PAGES_FALSE=''
ENABLE_MAN_PAGES_TRUE='#'
ENABLE_PTHREADS_FALSE=''
ENABLE_PTHREADS_TRUE='#'
ENABLE_STDBOOL_FALSE=''
ENABLE_STDBOOL_TRUE='#'
ENABLE_TESTS_FALSE='#'
ENABLE_TESTS_TRUE=''
EXEEXT=''
FGREP='/bin/grep -F'
GREP='/bin/grep'
INSTALL_DATA='${INSTALL} -m 644'
INSTALL_PROGRAM='${INSTALL}'
INSTALL_SCRIPT='${INSTALL}'
INSTALL_STRIP_PROGRAM='$(install_sh) -c -s'
LD='/usr/bin/ld -m elf_x86_64'
LDFLAGS=''
LIBC_FEATURES='-D_GNU_SOURCE'
LIBOBJS=''
LIBS=''
LIBTOOL='$(SHELL) $(top_builddir)/libtool'
LIPO=''
LN_S='ln -s'
LTLIBOBJS=''
LT_SYS_LIBRARY_PATH=''
MAINTAINER_CFLAGS=''
MAKEINFO='${SHELL} /home/jiang/opensource/libbson/libbson/build/autotools/missing makeinfo'
MANIFEST_TOOL=':'
MKDIR_P='/bin/mkdir -p'
MV='/bin/mv'
NM='/usr/bin/nm -B'
NMEDIT=''
OBJDUMP='objdump'
OBJEXT='o'
OPTIMIZE_CFLAGS=''
OPTIMIZE_LDFLAGS=' -Wl,-Bsymbolic'
OS_DARWIN_FALSE=''
OS_DARWIN_TRUE='#'
OS_FREEBSD_FALSE=''
OS_FREEBSD_TRUE='#'
OS_GNU_FALSE='#'
OS_GNU_TRUE=''
OS_LINUX_FALSE='#'
OS_LINUX_TRUE=''
OS_UNIX_FALSE='#'
OS_UNIX_TRUE=''
OS_WIN32_FALSE=''
OS_WIN32_TRUE='#'
OTOOL64=''
OTOOL=''
PACKAGE='libbson'
PACKAGE_BUGREPORT='https://jira.mongodb.org/browse/CDRIVER'
PACKAGE_NAME='libbson'
PACKAGE_STRING='libbson 1.6.3-dev'
PACKAGE_TARNAME='libbson'
PACKAGE_URL=''
PACKAGE_VERSION='1.6.3-dev'
PATH_SEPARATOR=':'
PERL='/usr/bin/perl'
PTHREAD_CC='gcc'
PTHREAD_CFLAGS='-pthread'
PTHREAD_LIBS=''
RANLIB='ranlib'
SED='/bin/sed'
SET_MAKE=''
SHELL='/bin/bash'
SOCKET_CFLAGS=''
SOCKET_LDFLAGS=''
SPHINX_BUILD=''
STRIP='strip'
VERSION='1.6.3-dev'
ac_ct_AR='ar'
ac_ct_CC='gcc'
ac_ct_CXX='g++'
ac_ct_DUMPBIN=''
am__EXEEXT_FALSE=''
am__EXEEXT_TRUE='#'
am__fastdepCC_FALSE='#'
am__fastdepCC_TRUE=''
am__fastdepCXX_FALSE='#'
am__fastdepCXX_TRUE=''
am__include='include'
am__isrc=''
am__leading_dot='.'
am__nodep='_no'
am__quote=''
am__tar='tar --format=ustar -chf - "$$tardir"'
am__untar='tar -xf -'
ax_pthread_config=''
bindir='${exec_prefix}/bin'
build='x86_64-pc-linux-gnu'
build_alias=''
build_cpu='x86_64'
build_os='linux-gnu'
build_vendor='pc'
datadir='${datarootdir}'
datarootdir='${prefix}/share'
docdir='${datarootdir}/doc/${PACKAGE_TARNAME}'
dvidir='${docdir}'
exec_prefix='${prefix}'
host='x86_64-pc-linux-gnu'
host_alias=''
host_cpu='x86_64'
host_os='linux-gnu'
host_vendor='pc'
htmldir='${docdir}'
includedir='${prefix}/include'
infodir='${datarootdir}/info'
install_sh='${SHELL} /home/jiang/opensource/libbson/libbson/build/autotools/install-sh'
libdir='${exec_prefix}/lib'
libexecdir='${exec_prefix}/libexec'
localedir='${datarootdir}/locale'
localstatedir='${prefix}/var'
mandir='${datarootdir}/man'
mkdir_p='$(MKDIR_P)'
oldincludedir='/usr/include'
pdfdir='${docdir}'
prefix='/usr/local'
program_transform_name='s,x,x,'
psdir='${docdir}'
runstatedir='${localstatedir}/run'
sbindir='${exec_prefix}/sbin'
sharedstatedir='${prefix}/com'
sysconfdir='${prefix}/etc'
target='x86_64-pc-linux-gnu'
target_alias=''
target_cpu='x86_64'
target_os='linux-gnu'
target_vendor='pc'

## ----------- ##
## confdefs.h. ##
## ----------- ##

/* confdefs.h */
#define PACKAGE_NAME "libbson"
#define PACKAGE_TARNAME "libbson"
#define PACKAGE_VERSION "1.6.3-dev"
#define PACKAGE_STRING "libbson 1.6.3-dev"
#define PACKAGE_BUGREPORT "https://jira.mongodb.org/browse/CDRIVER"
#define PACKAGE_URL ""
#define HAVE_TYPEOF 1
#define STDC_HEADERS 1
#define HAVE_SYS_TYPES_H 1
#define HAVE_SYS_STAT_H 1
#define HAVE_STDLIB_H 1
#define HAVE_STRING_H 1
#define HAVE_MEMORY_H 1
#define HAVE_STRINGS_H 1
#define HAVE_INTTYPES_H 1
#define HAVE_STDINT_H 1
#define HAVE_UNISTD_H 1
#define HAVE__BOOL 1
#define HAVE_STDBOOL_H 1
#define HAVE_STRINGS_H 1
#define HAVE_DLFCN_H 1
#define LT_OBJDIR ".libs/"
#define HAVE_PTHREAD_PRIO_INHERIT 1
#define HAVE_PTHREAD 1
#define PACKAGE "libbson"
#define VERSION "1.6.3-dev"

configure: exit 0
